Mplus VERSION 8.7
MUTHEN & MUTHEN
02/03/2023   9:17 PM

INPUT INSTRUCTIONS

  TITLE: Variance Impact Model
  DATA: FILE = "I:/My
   Drive/Research/MCDI/growth_curving/code/BEW-aMNLFA/one-factor-dataset//calibration.dat";
  VARIABLE:
  NAMES = ID_NUM AGE L_SOUNDS L_ANIMAL L_VEHICL L_TOYS L_FOODD L_CLOTH L_BODYP
       L_HOUSEH L_FURNIT L_PEOPLE L_GAMESR L_ACTION L_DESCW S_PRON S_QWORDS L_LOCATE
       S_QUANT S_HELPV S_CONCTW D_MALE D_MOMCOL DATA_BCP DATA_EIR AGE_E;
  MISSING=.;
  !
  !
  USEVARIABLES= L_SOUNDS L_ANIMAL L_VEHICL L_TOYS L_FOODD L_CLOTH L_BODYP L_HOUSEH L_FURNIT
   L_PEOPLE L_GAMESR L_ACTION L_DESCW S_PRON S_QWORDS L_LOCATE S_QUANT S_HELPV S_CONCTW
   AGE_E ;
  AUXILIARY= AGE ;
  !
  !
  CONSTRAINT= AGE_E ;
  ANALYSIS: ESTIMATOR=ML;ALGORITHM=INTEGRATION;INTEGRATION=MONTECARLO;PROCESSORS=4;
  MODEL: ETA ON AGE_E ; ETA*(veta);
  ETA BY L_SOUNDS*(l1);
  ETA BY L_ANIMAL*(l2);
  ETA BY L_VEHICL*(l3);
  ETA BY L_TOYS*(l4);
  ETA BY L_FOODD*(l5);
  ETA BY L_CLOTH*(l6);
  ETA BY L_BODYP*(l7);
  ETA BY L_HOUSEH*(l8);
  ETA BY L_FURNIT*(l9);
  ETA BY L_PEOPLE*(l10);
  ETA BY L_GAMESR*(l11);
  ETA BY L_ACTION*(l12);
  ETA BY L_DESCW*(l13);
  ETA BY S_PRON*(l14);
  ETA BY S_QWORDS*(l15);
  ETA BY L_LOCATE*(l16);
  ETA BY S_QUANT*(l17);
  ETA BY S_HELPV*(l18);
  ETA BY S_CONCTW*(l19);
  MODEL CONSTRAINT: new(
  v1*0
  );
  veta=1*exp(
  v1*AGE_E);
  OUTPUT: tech1;



INPUT READING TERMINATED NORMALLY



Variance Impact Model

SUMMARY OF ANALYSIS

Number of groups                                                 1
Number of observations                                       10462

Number of dependent variables                                   19
Number of independent variables                                  1
Number of continuous latent variables                            1

Observed dependent variables

  Continuous
   L_SOUNDS    L_ANIMAL    L_VEHICL    L_TOYS      L_FOODD     L_CLOTH
   L_BODYP     L_HOUSEH    L_FURNIT    L_PEOPLE    L_GAMESR    L_ACTION
   L_DESCW     S_PRON      S_QWORDS    L_LOCATE    S_QUANT     S_HELPV
   S_CONCTW

Observed independent variables
   AGE_E

Observed auxiliary variables
   AGE

Continuous latent variables
   ETA


Estimator                                                       ML
Information matrix                                        OBSERVED
Optimization Specifications for the Quasi-Newton Algorithm for
Continuous Outcomes
  Maximum number of iterations                                 100
  Convergence criterion                                  0.100D-05
Optimization Specifications for the EM Algorithm
  Maximum number of iterations                                 500
  Convergence criteria
    Loglikelihood change                                 0.100D-02
    Relative loglikelihood change                        0.100D-05
    Derivative                                           0.100D-02
Optimization Specifications for the M step of the EM Algorithm for
Categorical Latent variables
  Number of M step iterations                                    1
  M step convergence criterion                           0.100D-02
  Basis for M step termination                           ITERATION
Optimization Specifications for the M step of the EM Algorithm for
Censored, Binary or Ordered Categorical (Ordinal), Unordered
Categorical (Nominal) and Count Outcomes
  Number of M step iterations                                    1
  M step convergence criterion                           0.100D-02
  Basis for M step termination                           ITERATION
  Maximum value for logit thresholds                            15
  Minimum value for logit thresholds                           -15
  Minimum expected cell size for chi-square              0.100D-01
Maximum number of iterations for H1                           2000
Convergence criterion for H1                             0.100D-03
Optimization algorithm                                         EMA
Integration Specifications
  Type                                                  MONTECARLO
  Number of integration points                                   1
  Dimensions of numerical integration                            0
  Adaptive quadrature                                           ON
  Monte Carlo integration seed                                   0
Cholesky                                                       OFF

Input data file(s)
  I:/MyDrive/Research/MCDI/growth_curving/code/BEW-aMNLFA/one-factor-dataset//ca
Input data format  FREE


SUMMARY OF DATA

     Number of missing data patterns             1


COVARIANCE COVERAGE OF DATA

Minimum covariance coverage value   0.100


     PROPORTION OF DATA PRESENT FOR Y


           Covariance Coverage
              L_SOUNDS      L_ANIMAL      L_VEHICL      L_TOYS        L_FOODD
              ________      ________      ________      ________      ________
 L_SOUNDS       1.000
 L_ANIMAL       1.000         1.000
 L_VEHICL       1.000         1.000         1.000
 L_TOYS         1.000         1.000         1.000         1.000
 L_FOODD        1.000         1.000         1.000         1.000         1.000
 L_CLOTH        1.000         1.000         1.000         1.000         1.000
 L_BODYP        1.000         1.000         1.000         1.000         1.000
 L_HOUSEH       1.000         1.000         1.000         1.000         1.000
 L_FURNIT       1.000         1.000         1.000         1.000         1.000
 L_PEOPLE       1.000         1.000         1.000         1.000         1.000
 L_GAMESR       1.000         1.000         1.000         1.000         1.000
 L_ACTION       1.000         1.000         1.000         1.000         1.000
 L_DESCW        1.000         1.000         1.000         1.000         1.000
 S_PRON         1.000         1.000         1.000         1.000         1.000
 S_QWORDS       1.000         1.000         1.000         1.000         1.000
 L_LOCATE       1.000         1.000         1.000         1.000         1.000
 S_QUANT        1.000         1.000         1.000         1.000         1.000
 S_HELPV        1.000         1.000         1.000         1.000         1.000
 S_CONCTW       1.000         1.000         1.000         1.000         1.000
 AGE_E          1.000         1.000         1.000         1.000         1.000


           Covariance Coverage
              L_CLOTH       L_BODYP       L_HOUSEH      L_FURNIT      L_PEOPLE
              ________      ________      ________      ________      ________
 L_CLOTH        1.000
 L_BODYP        1.000         1.000
 L_HOUSEH       1.000         1.000         1.000
 L_FURNIT       1.000         1.000         1.000         1.000
 L_PEOPLE       1.000         1.000         1.000         1.000         1.000
 L_GAMESR       1.000         1.000         1.000         1.000         1.000
 L_ACTION       1.000         1.000         1.000         1.000         1.000
 L_DESCW        1.000         1.000         1.000         1.000         1.000
 S_PRON         1.000         1.000         1.000         1.000         1.000
 S_QWORDS       1.000         1.000         1.000         1.000         1.000
 L_LOCATE       1.000         1.000         1.000         1.000         1.000
 S_QUANT        1.000         1.000         1.000         1.000         1.000
 S_HELPV        1.000         1.000         1.000         1.000         1.000
 S_CONCTW       1.000         1.000         1.000         1.000         1.000
 AGE_E          1.000         1.000         1.000         1.000         1.000


           Covariance Coverage
              L_GAMESR      L_ACTION      L_DESCW       S_PRON        S_QWORDS
              ________      ________      ________      ________      ________
 L_GAMESR       1.000
 L_ACTION       1.000         1.000
 L_DESCW        1.000         1.000         1.000
 S_PRON         1.000         1.000         1.000         1.000
 S_QWORDS       1.000         1.000         1.000         1.000         1.000
 L_LOCATE       1.000         1.000         1.000         1.000         1.000
 S_QUANT        1.000         1.000         1.000         1.000         1.000
 S_HELPV        1.000         1.000         1.000         1.000         1.000
 S_CONCTW       1.000         1.000         1.000         1.000         1.000
 AGE_E          1.000         1.000         1.000         1.000         1.000


           Covariance Coverage
              L_LOCATE      S_QUANT       S_HELPV       S_CONCTW      AGE_E
              ________      ________      ________      ________      ________
 L_LOCATE       1.000
 S_QUANT        1.000         1.000
 S_HELPV        1.000         1.000         1.000
 S_CONCTW       1.000         1.000         1.000         1.000
 AGE_E          1.000         1.000         1.000         1.000         1.000



UNIVARIATE SAMPLE STATISTICS


     UNIVARIATE HIGHER-ORDER MOMENT DESCRIPTIVE STATISTICS

         Variable/         Mean/     Skewness/   Minimum/ % with                Percentiles
        Sample Size      Variance    Kurtosis    Maximum  Min/Max      20%/60%    40%/80%    Median

     L_SOUNDS              0.608      -0.415       0.000    9.14%       0.250      0.583      0.667
           10462.000       0.122      -1.246       1.000   24.13%       0.833      1.000
     L_ANIMAL              0.394       0.472       0.000   13.40%       0.047      0.140      0.256
           10462.000       0.135      -1.380       1.000    8.43%       0.442      0.837
     L_VEHICL              0.389       0.393       0.000   29.75%       0.000      0.143      0.286
           10462.000       0.141      -1.458       1.000    8.57%       0.500      0.857
     L_TOYS                0.404       0.482       0.000   16.70%       0.056      0.167      0.278
           10462.000       0.129      -1.292       1.000   11.06%       0.444      0.833
     L_FOODD               0.351       0.596       0.000   19.45%       0.015      0.088      0.162
           10462.000       0.134      -1.275       1.000    4.28%       0.353      0.809
     L_CLOTH               0.327       0.662       0.000   27.45%       0.000      0.071      0.179
           10462.000       0.120      -1.088       1.000    3.80%       0.321      0.714
     L_BODYP               0.412       0.308       0.000   26.46%       0.000      0.111      0.259
           10462.000       0.155      -1.618       1.000    6.39%       0.556      0.889
     L_HOUSEH              0.344       0.615       0.000   24.06%       0.000      0.060      0.140
           10462.000       0.140      -1.281       1.000    4.70%       0.340      0.820
     L_FURNIT              0.299       0.795       0.000   37.98%       0.000      0.030      0.091
           10462.000       0.132      -1.016       1.000    3.44%       0.212      0.758
     L_PEOPLE              0.339       0.834       0.000    9.01%       0.069      0.172      0.207
           10462.000       0.090      -0.557       1.000    3.76%       0.310      0.655
     L_GAMESR              0.450       0.316       0.000   10.28%       0.080      0.240      0.360
           10462.000       0.128      -1.407       1.000   12.05%       0.520      0.880
     L_ACTION              0.299       0.852       0.000   28.45%       0.000      0.019      0.068
           10462.000       0.138      -0.940       1.000    3.53%       0.204      0.777
     L_DESCW               0.289       0.904       0.000   26.58%       0.000      0.032      0.079
           10462.000       0.125      -0.776       1.000    3.84%       0.206      0.698
     S_PRON                0.219       1.430       0.000   34.04%       0.000      0.040      0.080
           10462.000       0.087       0.848       1.000    3.75%       0.160      0.440
     S_QWORDS              0.216       1.332       0.000   54.64%       0.000      0.000      0.000
           10462.000       0.097       0.494       1.000    5.79%       0.143      0.429
     L_LOCATE              0.251       1.131       0.000   34.78%       0.000      0.038      0.115
           10462.000       0.098      -0.052       1.000    3.29%       0.192      0.538
     S_QUANT               0.203       1.464       0.000   42.65%       0.000      0.000      0.059
           10462.000       0.086       0.873       1.000    3.35%       0.118      0.412
     S_HELPV               0.183       1.620       0.000   53.28%       0.000      0.000      0.000
           10462.000       0.089       1.294       1.000    3.99%       0.048      0.381
     S_CONCTW              0.123       2.315       0.000   74.37%       0.000      0.000      0.000
           10462.000       0.070       4.297       1.000    4.68%       0.000      0.167
     AGE_E                20.701       0.456       8.000    0.33%      16.000     16.390     19.000
           10462.000      41.330      -0.632      38.300    0.02%      22.100     28.000


THE MODEL ESTIMATION TERMINATED NORMALLY



MODEL FIT INFORMATION

Number of Free Parameters                       59

Loglikelihood

          H0 Value                      137293.340

Information Criteria

          Akaike (AIC)                 -274468.680
          Bayesian (BIC)               -274040.605
          Sample-Size Adjusted BIC     -274228.099
            (n* = (n + 2) / 24)



MODEL RESULTS

                                                    Two-Tailed
                    Estimate       S.E.  Est./S.E.    P-Value

 ETA      BY
    L_SOUNDS           0.037      0.001     28.302      0.000
    L_ANIMAL           0.048      0.002     28.974      0.000
    L_VEHICL           0.048      0.002     28.943      0.000
    L_TOYS             0.047      0.002     29.004      0.000
    L_FOODD            0.049      0.002     29.040      0.000
    L_CLOTH            0.046      0.002     29.029      0.000
    L_BODYP            0.051      0.002     28.946      0.000
    L_HOUSEH           0.050      0.002     29.047      0.000
    L_FURNIT           0.048      0.002     29.040      0.000
    L_PEOPLE           0.039      0.001     28.996      0.000
    L_GAMESR           0.046      0.002     28.951      0.000
    L_ACTION           0.049      0.002     29.036      0.000
    L_DESCW            0.046      0.002     29.035      0.000
    S_PRON             0.036      0.001     28.821      0.000
    S_QWORDS           0.035      0.001     28.648      0.000
    L_LOCATE           0.040      0.001     28.946      0.000
    S_QUANT            0.035      0.001     28.805      0.000
    S_HELPV            0.035      0.001     28.721      0.000
    S_CONCTW           0.026      0.001     28.125      0.000

 ETA        ON
    AGE_E              0.866      0.026     33.385      0.000

 Intercepts
    L_SOUNDS          -0.058      0.008     -7.508      0.000
    L_ANIMAL          -0.475      0.007    -67.065      0.000
    L_VEHICL          -0.488      0.007    -66.885      0.000
    L_TOYS            -0.453      0.007    -66.086      0.000
    L_FOODD           -0.536      0.007    -77.686      0.000
    L_CLOTH           -0.505      0.007    -77.268      0.000
    L_BODYP           -0.511      0.008    -66.991      0.000
    L_HOUSEH          -0.561      0.007    -80.097      0.000
    L_FURNIT          -0.576      0.007    -83.970      0.000
    L_PEOPLE          -0.370      0.006    -64.059      0.000
    L_GAMESR          -0.386      0.007    -55.575      0.000
    L_ACTION          -0.589      0.007    -83.790      0.000
    L_DESCW           -0.557      0.007    -83.041      0.000
    S_PRON            -0.428      0.006    -71.896      0.000
    S_QWORDS          -0.430      0.007    -66.044      0.000
    L_LOCATE          -0.469      0.006    -76.887      0.000
    S_QUANT           -0.438      0.006    -73.573      0.000
    S_HELPV           -0.450      0.006    -72.960      0.000
    S_CONCTW          -0.348      0.006    -59.098      0.000

 Residual Variances
    L_SOUNDS           0.049      0.001     71.745      0.000
    L_ANIMAL           0.011      0.000     67.964      0.000
    L_VEHICL           0.014      0.000     68.813      0.000
    L_TOYS             0.008      0.000     66.414      0.000
    L_FOODD            0.005      0.000     61.608      0.000
    L_CLOTH            0.005      0.000     64.863      0.000
    L_BODYP            0.015      0.000     68.122      0.000
    L_HOUSEH           0.004      0.000     60.784      0.000
    L_FURNIT           0.006      0.000     64.834      0.000
    L_PEOPLE           0.008      0.000     68.312      0.000
    L_GAMESR           0.013      0.000     69.168      0.000
    L_ACTION           0.008      0.000     65.080      0.000
    L_DESCW            0.007      0.000     65.048      0.000
    S_PRON             0.018      0.000     70.402      0.000
    S_QWORDS           0.028      0.000     71.228      0.000
    L_LOCATE           0.012      0.000     68.985      0.000
    S_QUANT            0.019      0.000     70.477      0.000
    S_HELPV            0.023      0.000     70.900      0.000
    S_CONCTW           0.033      0.000     71.821      0.000
    ETA              999.000      0.000    999.000    999.000

New/Additional Parameters
    V1                 0.124      0.003     38.568      0.000


QUALITY OF NUMERICAL RESULTS

     Condition Number for the Information Matrix              0.268E-08
       (ratio of smallest to largest eigenvalue)


TECHNICAL 1 OUTPUT


     PARAMETER SPECIFICATION


           NU
              L_SOUNDS      L_ANIMAL      L_VEHICL      L_TOYS        L_FOODD
              ________      ________      ________      ________      ________
                    1             2             3             4             5


           NU
              L_CLOTH       L_BODYP       L_HOUSEH      L_FURNIT      L_PEOPLE
              ________      ________      ________      ________      ________
                    6             7             8             9            10


           NU
              L_GAMESR      L_ACTION      L_DESCW       S_PRON        S_QWORDS
              ________      ________      ________      ________      ________
                   11            12            13            14            15


           NU
              L_LOCATE      S_QUANT       S_HELPV       S_CONCTW      AGE_E
              ________      ________      ________      ________      ________
                   16            17            18            19             0


           LAMBDA
              ETA           AGE_E
              ________      ________
 L_SOUNDS          20             0
 L_ANIMAL          21             0
 L_VEHICL          22             0
 L_TOYS            23             0
 L_FOODD           24             0
 L_CLOTH           25             0
 L_BODYP           26             0
 L_HOUSEH          27             0
 L_FURNIT          28             0
 L_PEOPLE          29             0
 L_GAMESR          30             0
 L_ACTION          31             0
 L_DESCW           32             0
 S_PRON            33             0
 S_QWORDS          34             0
 L_LOCATE          35             0
 S_QUANT           36             0
 S_HELPV           37             0
 S_CONCTW          38             0
 AGE_E              0             0


           THETA
              L_SOUNDS      L_ANIMAL      L_VEHICL      L_TOYS        L_FOODD
              ________      ________      ________      ________      ________
 L_SOUNDS          39
 L_ANIMAL           0            40
 L_VEHICL           0             0            41
 L_TOYS             0             0             0            42
 L_FOODD            0             0             0             0            43
 L_CLOTH            0             0             0             0             0
 L_BODYP            0             0             0             0             0
 L_HOUSEH           0             0             0             0             0
 L_FURNIT           0             0             0             0             0
 L_PEOPLE           0             0             0             0             0
 L_GAMESR           0             0             0             0             0
 L_ACTION           0             0             0             0             0
 L_DESCW            0             0             0             0             0
 S_PRON             0             0             0             0             0
 S_QWORDS           0             0             0             0             0
 L_LOCATE           0             0             0             0             0
 S_QUANT            0             0             0             0             0
 S_HELPV            0             0             0             0             0
 S_CONCTW           0             0             0             0             0
 AGE_E              0             0             0             0             0


           THETA
              L_CLOTH       L_BODYP       L_HOUSEH      L_FURNIT      L_PEOPLE
              ________      ________      ________      ________      ________
 L_CLOTH           44
 L_BODYP            0            45
 L_HOUSEH           0             0            46
 L_FURNIT           0             0             0            47
 L_PEOPLE           0             0             0             0            48
 L_GAMESR           0             0             0             0             0
 L_ACTION           0             0             0             0             0
 L_DESCW            0             0             0             0             0
 S_PRON             0             0             0             0             0
 S_QWORDS           0             0             0             0             0
 L_LOCATE           0             0             0             0             0
 S_QUANT            0             0             0             0             0
 S_HELPV            0             0             0             0             0
 S_CONCTW           0             0             0             0             0
 AGE_E              0             0             0             0             0


           THETA
              L_GAMESR      L_ACTION      L_DESCW       S_PRON        S_QWORDS
              ________      ________      ________      ________      ________
 L_GAMESR          49
 L_ACTION           0            50
 L_DESCW            0             0            51
 S_PRON             0             0             0            52
 S_QWORDS           0             0             0             0            53
 L_LOCATE           0             0             0             0             0
 S_QUANT            0             0             0             0             0
 S_HELPV            0             0             0             0             0
 S_CONCTW           0             0             0             0             0
 AGE_E              0             0             0             0             0


           THETA
              L_LOCATE      S_QUANT       S_HELPV       S_CONCTW      AGE_E
              ________      ________      ________      ________      ________
 L_LOCATE          54
 S_QUANT            0            55
 S_HELPV            0             0            56
 S_CONCTW           0             0             0            57
 AGE_E              0             0             0             0             0


           ALPHA
              ETA           AGE_E
              ________      ________
                    0             0


           BETA
              ETA           AGE_E
              ________      ________
 ETA                0            58
 AGE_E              0             0


           PSI
              ETA           AGE_E
              ________      ________
 ETA               59
 AGE_E              0             0


     PARAMETER SPECIFICATION FOR THE ADDITIONAL PARAMETERS


           NEW/ADDITIONAL PARAMETERS
              V1
              ________
                   60


     STARTING VALUES


           NU
              L_SOUNDS      L_ANIMAL      L_VEHICL      L_TOYS        L_FOODD
              ________      ________      ________      ________      ________
                0.608         0.394         0.389         0.404         0.351


           NU
              L_CLOTH       L_BODYP       L_HOUSEH      L_FURNIT      L_PEOPLE
              ________      ________      ________      ________      ________
                0.327         0.412         0.344         0.299         0.339


           NU
              L_GAMESR      L_ACTION      L_DESCW       S_PRON        S_QWORDS
              ________      ________      ________      ________      ________
                0.450         0.299         0.289         0.219         0.216


           NU
              L_LOCATE      S_QUANT       S_HELPV       S_CONCTW      AGE_E
              ________      ________      ________      ________      ________
                0.251         0.203         0.183         0.123         0.000


           LAMBDA
              ETA           AGE_E
              ________      ________
 L_SOUNDS       1.000         0.000
 L_ANIMAL       1.000         0.000
 L_VEHICL       1.000         0.000
 L_TOYS         1.000         0.000
 L_FOODD        1.000         0.000
 L_CLOTH        1.000         0.000
 L_BODYP        1.000         0.000
 L_HOUSEH       1.000         0.000
 L_FURNIT       1.000         0.000
 L_PEOPLE       1.000         0.000
 L_GAMESR       1.000         0.000
 L_ACTION       1.000         0.000
 L_DESCW        1.000         0.000
 S_PRON         1.000         0.000
 S_QWORDS       1.000         0.000
 L_LOCATE       1.000         0.000
 S_QUANT        1.000         0.000
 S_HELPV        1.000         0.000
 S_CONCTW       1.000         0.000
 AGE_E          0.000         1.000


           THETA
              L_SOUNDS      L_ANIMAL      L_VEHICL      L_TOYS        L_FOODD
              ________      ________      ________      ________      ________
 L_SOUNDS       0.061
 L_ANIMAL       0.000         0.068
 L_VEHICL       0.000         0.000         0.071
 L_TOYS         0.000         0.000         0.000         0.065
 L_FOODD        0.000         0.000         0.000         0.000         0.067
 L_CLOTH        0.000         0.000         0.000         0.000         0.000
 L_BODYP        0.000         0.000         0.000         0.000         0.000
 L_HOUSEH       0.000         0.000         0.000         0.000         0.000
 L_FURNIT       0.000         0.000         0.000         0.000         0.000
 L_PEOPLE       0.000         0.000         0.000         0.000         0.000
 L_GAMESR       0.000         0.000         0.000         0.000         0.000
 L_ACTION       0.000         0.000         0.000         0.000         0.000
 L_DESCW        0.000         0.000         0.000         0.000         0.000
 S_PRON         0.000         0.000         0.000         0.000         0.000
 S_QWORDS       0.000         0.000         0.000         0.000         0.000
 L_LOCATE       0.000         0.000         0.000         0.000         0.000
 S_QUANT        0.000         0.000         0.000         0.000         0.000
 S_HELPV        0.000         0.000         0.000         0.000         0.000
 S_CONCTW       0.000         0.000         0.000         0.000         0.000
 AGE_E          0.000         0.000         0.000         0.000         0.000


           THETA
              L_CLOTH       L_BODYP       L_HOUSEH      L_FURNIT      L_PEOPLE
              ________      ________      ________      ________      ________
 L_CLOTH        0.060
 L_BODYP        0.000         0.078
 L_HOUSEH       0.000         0.000         0.070
 L_FURNIT       0.000         0.000         0.000         0.066
 L_PEOPLE       0.000         0.000         0.000         0.000         0.045
 L_GAMESR       0.000         0.000         0.000         0.000         0.000
 L_ACTION       0.000         0.000         0.000         0.000         0.000
 L_DESCW        0.000         0.000         0.000         0.000         0.000
 S_PRON         0.000         0.000         0.000         0.000         0.000
 S_QWORDS       0.000         0.000         0.000         0.000         0.000
 L_LOCATE       0.000         0.000         0.000         0.000         0.000
 S_QUANT        0.000         0.000         0.000         0.000         0.000
 S_HELPV        0.000         0.000         0.000         0.000         0.000
 S_CONCTW       0.000         0.000         0.000         0.000         0.000
 AGE_E          0.000         0.000         0.000         0.000         0.000


           THETA
              L_GAMESR      L_ACTION      L_DESCW       S_PRON        S_QWORDS
              ________      ________      ________      ________      ________
 L_GAMESR       0.064
 L_ACTION       0.000         0.069
 L_DESCW        0.000         0.000         0.063
 S_PRON         0.000         0.000         0.000         0.043
 S_QWORDS       0.000         0.000         0.000         0.000         0.049
 L_LOCATE       0.000         0.000         0.000         0.000         0.000
 S_QUANT        0.000         0.000         0.000         0.000         0.000
 S_HELPV        0.000         0.000         0.000         0.000         0.000
 S_CONCTW       0.000         0.000         0.000         0.000         0.000
 AGE_E          0.000         0.000         0.000         0.000         0.000


           THETA
              L_LOCATE      S_QUANT       S_HELPV       S_CONCTW      AGE_E
              ________      ________      ________      ________      ________
 L_LOCATE       0.049
 S_QUANT        0.000         0.043
 S_HELPV        0.000         0.000         0.045
 S_CONCTW       0.000         0.000         0.000         0.035
 AGE_E          0.000         0.000         0.000         0.000         0.000


           ALPHA
              ETA           AGE_E
              ________      ________
                0.000         0.000


           BETA
              ETA           AGE_E
              ________      ________
 ETA            0.000         0.000
 AGE_E          0.000         0.000


           PSI
              ETA           AGE_E
              ________      ________
 ETA            0.050
 AGE_E          0.000        20.665


     STARTING VALUES FOR THE ADDITIONAL PARAMETERS


           NEW/ADDITIONAL PARAMETERS
              V1
              ________
                0.000


     Beginning Time:  21:17:34
        Ending Time:  21:43:17
       Elapsed Time:  00:25:43



MUTHEN & MUTHEN
3463 Stoner Ave.
Los Angeles, CA  90066

Tel: (310) 391-9971
Fax: (310) 391-8971
Web: www.StatModel.com
Support: Support@StatModel.com

Copyright (c) 1998-2021 Muthen & Muthen
